

========== Id: 2453a18c-7d79-4cf4-aabd-e9fa10c443a4, Date: 2016-02-22 13:45:49, Level: debug ==========
Logger:  Category: request
Message: GET /Home/Index




========== Id: cde5d8b3-3868-47ac-9ced-96e069cfcc24, Date: 2016-02-22 13:46:57, Level: debug ==========
Logger:  Category: request
Message: GET /Home/Index




========== Id: 3946a452-f779-4df4-a0e8-f4c159fbf35c, Date: 2016-02-22 13:47:18, Level: debug ==========
Logger:  Category: request
Message: GET /Home/Index




========== Id: e3cf6172-26c9-4641-82bd-5ee3b84fd060, Date: 2016-02-22 13:47:53, Level: debug ==========
Logger:  Category: request
Message: GET /Home/Index




========== Id: fd19b7e7-95ef-4898-a94a-184e8377d72c, Date: 2016-02-22 14:03:42, Level: debug ==========
Logger:  Category: request
Message: GET /Home/Index




========== Id: 67082a0c-37ac-4359-a2e6-d22536780ae5, Date: 2016-02-22 14:03:47, Level: debug ==========
Logger:  Category: request
Message: GET /Home/Index




========== Id: 32f2af74-b321-448d-8d05-9634cd95c3a4, Date: 2016-02-22 14:04:13, Level: debug ==========
Logger:  Category: request
Message: GET /Home/Index




========== Id: 241a2ab0-8e3e-463b-a33a-5bcef6a43d9c, Date: 2016-02-22 14:04:59, Level: debug ==========
Logger:  Category: request
Message: GET /Home/Index




========== Id: 3a94f6a9-7578-4b55-b076-d329d9b97dd4, Date: 2016-02-22 14:07:44, Level: debug ==========
Logger:  Category: request
Message: GET /Home/Index




========== Id: af2028cc-f82a-4484-abb8-694fc4ab178f, Date: 2016-02-22 14:07:47, Level: debug ==========
Logger:  Category: request
Message: GET /Home/Index




========== Id: c10ec100-841a-4c68-8631-3114878a8e36, Date: 2016-02-22 14:10:07, Level: debug ==========
Logger:  Category: request
Message: GET /Home/ThrowException?msg=socketio




========== Id: da5941cd-35b6-4be7-84c1-58a30945404a, Date: 2016-02-22 14:10:07, Level: error ==========
Logger:  Category: application
Message: socketio
Note:    at Alan.Log.RabbitMQ.Example.Controllers.HomeController.ThrowException(String msg) in D:\Projects\Alan.Log\Alan.Log.RabbitMQ.Example\Alan.Log.RabbitMQ.Example\Controllers\HomeController.cs:line 18
   at lambda_method(Closure , ControllerBase , Object[] )
   at System.Web.Mvc.ActionMethodDispatcher.Execute(ControllerBase controller, Object[] parameters)
   at System.Web.Mvc.ReflectedActionDescriptor.Execute(ControllerContext controllerContext, IDictionary`2 parameters)
   at System.Web.Mvc.ControllerActionInvoker.InvokeActionMethod(ControllerContext controllerContext, ActionDescriptor actionDescriptor, IDictionary`2 parameters)
   at System.Web.Mvc.Async.AsyncControllerActionInvoker.<BeginInvokeSynchronousActionMethod>b__39(IAsyncResult asyncResult, ActionInvocation innerInvokeState)
   at System.Web.Mvc.Async.AsyncResultWrapper.WrappedAsyncResult`2.CallEndDelegate(IAsyncResult asyncResult)
   at System.Web.Mvc.Async.AsyncResultWrapper.WrappedAsyncResultBase`1.End()
   at System.Web.Mvc.Async.AsyncControllerActionInvoker.EndInvokeActionMethod(IAsyncResult asyncResult)
   at System.Web.Mvc.Async.AsyncControllerActionInvoker.AsyncInvocationWithFilters.<InvokeActionMethodFilterAsynchronouslyRecursive>b__3d()
   at System.Web.Mvc.Async.AsyncControllerActionInvoker.AsyncInvocationWithFilters.<>c__DisplayClass46.<InvokeActionMethodFilterAsynchronouslyRecursive>b__3f()
   at System.Web.Mvc.Async.AsyncControllerActionInvoker.<>c__DisplayClass33.<BeginInvokeActionMethodWithFilters>b__32(IAsyncResult asyncResult)
   at System.Web.Mvc.Async.AsyncResultWrapper.WrappedAsyncResult`1.CallEndDelegate(IAsyncResult asyncResult)
   at System.Web.Mvc.Async.AsyncResultWrapper.WrappedAsyncResultBase`1.End()
   at System.Web.Mvc.Async.AsyncControllerActionInvoker.EndInvokeActionMethodWithFilters(IAsyncResult asyncResult)
   at System.Web.Mvc.Async.AsyncControllerActionInvoker.<>c__DisplayClass21.<>c__DisplayClass2b.<BeginInvokeAction>b__1c()
   at System.Web.Mvc.Async.AsyncControllerActionInvoker.<>c__DisplayClass21.<BeginInvokeAction>b__1e(IAsyncResult asyncResult)
   at System.Web.Mvc.Async.AsyncResultWrapper.WrappedAsyncResult`1.CallEndDelegate(IAsyncResult asyncResult)
   at System.Web.Mvc.Async.AsyncResultWrapper.WrappedAsyncResultBase`1.End()
   at System.Web.Mvc.Async.AsyncControllerActionInvoker.EndInvokeAction(IAsyncResult asyncResult)
   at System.Web.Mvc.Controller.<BeginExecuteCore>b__1d(IAsyncResult asyncResult, ExecuteCoreState innerState)
   at System.Web.Mvc.Async.AsyncResultWrapper.WrappedAsyncVoid`1.CallEndDelegate(IAsyncResult asyncResult)
   at System.Web.Mvc.Async.AsyncResultWrapper.WrappedAsyncResultBase`1.End()
   at System.Web.Mvc.Controller.EndExecuteCore(IAsyncResult asyncResult)
   at System.Web.Mvc.Controller.<BeginExecute>b__15(IAsyncResult asyncResult, Controller controller)
   at System.Web.Mvc.Async.AsyncResultWrapper.WrappedAsyncVoid`1.CallEndDelegate(IAsyncResult asyncResult)
   at System.Web.Mvc.Async.AsyncResultWrapper.WrappedAsyncResultBase`1.End()
   at System.Web.Mvc.Controller.EndExecute(IAsyncResult asyncResult)
   at System.Web.Mvc.Controller.System.Web.Mvc.Async.IAsyncController.EndExecute(IAsyncResult asyncResult)
   at System.Web.Mvc.MvcHandler.<BeginProcessRequest>b__5(IAsyncResult asyncResult, ProcessRequestState innerState)
   at System.Web.Mvc.Async.AsyncResultWrapper.WrappedAsyncVoid`1.CallEndDelegate(IAsyncResult asyncResult)
   at System.Web.Mvc.Async.AsyncResultWrapper.WrappedAsyncResultBase`1.End()
   at System.Web.Mvc.MvcHandler.EndProcessRequest(IAsyncResult asyncResult)
   at System.Web.Mvc.MvcHandler.System.Web.IHttpAsyncHandler.EndProcessRequest(IAsyncResult result)
   at System.Web.HttpApplication.CallHandlerExecutionStep.System.Web.HttpApplication.IExecutionStep.Execute()
   at System.Web.HttpApplication.ExecuteStep(IExecutionStep step, Boolean& completedSynchronously)
========== Position: Alan.Log.RabbitMQ.Example ==========




========== Id: ebc77838-1ce2-4408-aaf3-006bcce4e970, Date: 2016-02-22 14:10:32, Level: debug ==========
Logger:  Category: request
Message: GET /Home/Index


